<?xml version="1.0" encoding="UTF-8"?>
<!-- Generated by org.testng.reporters.JUnitReportReporter -->
<testsuite hostname="Warlock" failures="0" tests="5" name="Tests" time="0.048" errors="0" timestamp="2023-03-01T05:30:38 MSK" skipped="0">
  <testcase classname="Tests" name="firstNegativeTest" time="0.000"/>
  <system-out/>
  <testcase classname="Tests" name="fourthNegativeTest" time="0.000"/>
  <system-out/>
  <testcase classname="Tests" name="secondNegativeTest" time="0.000"/>
  <system-out/>
  <testcase classname="Tests" name="thirdNegativeTest" time="0.016"/>
  <system-out/>
  <testcase classname="Tests" name="fifthNegativeTest" time="0.032"/>
  <system-out/>
</testsuite> <!-- Tests -->
